make all --print-data-base --no-builtin-variables --no-builtin-rules --question
# GNU Make 4.2.1
# Built for x86_64-pc-linux-gnu
# Copyright (C) 1988-2016 Free Software Foundation, Inc.
# License GPLv3+: GNU GPL version 3 or later <http://gnu.org/licenses/gpl.html>
# This is free software: you are free to change and redistribute it.
# There is NO WARRANTY, to the extent permitted by law.

# Make data base, printed on Thu Sep  7 16:49:15 2023

# Variables

# automatic
<D = $(patsubst %/,%,$(dir $<))
# automatic
?F = $(notdir $?)
# default
.SHELLFLAGS := -c
# environment
XDG_SESSION_CLASS = user
# environment
VSCODE_AGENT_FOLDER = /root/.vscode-server
# environment
XDG_SESSION_TYPE = tty
# automatic
?D = $(patsubst %/,%,$(dir $?))
# automatic
@D = $(patsubst %/,%,$(dir $@))
# automatic
@F = $(notdir $@)
# default
MAKE_VERSION := 4.2.1
# makefile
CURDIR := /root/projects/ConsoleChatClientServer/server
# makefile
SHELL = /bin/sh
# environment
VSCODE_NLS_CONFIG = {"locale":"en","osLocale":"en","availableLanguages":{}}
# environment
_ = /root/.vscode-server/bin/6c3e3dba23e8fadc360aed75ce363ba185c49794/node
# makefile (from 'Makefile', line 1)
MAKEFILE_LIST :=  Makefile
# 'override' directive
GNUMAKEFLAGS := 
# environment
DBUS_SESSION_BUS_ADDRESS = unix:path=/run/user/0/bus
# environment
LESSOPEN = | /usr/bin/lesspipe %s
# environment
VSCODE_CWD = /root
 
# environment
SSH_CONNECTION = 62.217.185.122 54437 158.69.104.15 22
# environment
PATH = /root/.vscode-server/bin/6c3e3dba23e8fadc360aed75ce363ba185c49794/bin/remote-cli:/usr/local/sbin:/usr/local/bin:/usr/sbin:/usr/bin:/sbin:/bin:/usr/games:/usr/local/games:/snap/bin
# environment
XDG_RUNTIME_DIR = /run/user/0
# environment
ELECTRON_RUN_AS_NODE = 1
# environment
VSCODE_IPC_HOOK_CLI = /run/user/0/vscode-ipc-3159af5c-513c-49e5-b468-15de622a5ad3.sock
# default
.FEATURES := target-specific order-only second-expansion else-if shortest-stem undefine oneshell archives jobserver output-sync check-symlink load
# environment
LS_COLORS = 
# automatic
%F = $(notdir $%)
# environment
PWD = /root/projects/ConsoleChatClientServer/server
# default
.LOADED := 
# automatic
*D = $(patsubst %/,%,$(dir $*))
# environment
HISTTIMEFORMAT = %h %d %H:%M:%S 
# environment
VSCODE_AMD_ENTRYPOINT = vs/workbench/api/node/extensionHostProcess
# environment
HOME = /root
# environment
LESSCLOSE = /usr/bin/lesspipe %s %s
# environment
LOGNAME = root
# environment
APPLICATION_INSIGHTS_NO_DIAGNOSTIC_CHANNEL = 1
# automatic
+F = $(notdir $+)
# environment
VSCODE_HANDLES_UNCAUGHT_ERRORS = true
# automatic
^D = $(patsubst %/,%,$(dir $^))
# environment
MAKELEVEL := 0
# default
MAKE = $(MAKE_COMMAND)
# default
MAKECMDGOALS := all
# environment
SHLVL = 0
# environment
XDG_SESSION_ID = 1570
# environment
USER = root
# makefile
.DEFAULT_GOAL := all
# automatic
%D = $(patsubst %/,%,$(dir $%))
# default
MAKE_COMMAND := make
# default
.VARIABLES := 
# automatic
*F = $(notdir $*)
# environment
LANGUAGE = en_US:
# makefile
MAKEFLAGS = pqrR
# environment
MFLAGS = -pqrR
# environment
SSH_CLIENT = 62.217.185.122 54437 22
# automatic
+D = $(patsubst %/,%,$(dir $+))
# environment
BROWSER = /root/.vscode-server/bin/6c3e3dba23e8fadc360aed75ce363ba185c49794/bin/helpers/browser.sh
# environment
VSCODE_HANDLES_SIGPIPE = true
# default
MAKEFILES := 
# automatic
<F = $(notdir $<)
# environment
LC_ALL = C
# automatic
^F = $(notdir $^)
# default
SUFFIXES := 
# default
.INCLUDE_DIRS = /usr/include /usr/local/include /usr/include
# default
.RECIPEPREFIX := 
# default
MAKE_HOST := x86_64-pc-linux-gnu
# environment
LANG = C
# environment
MOTD_SHOWN = pam
# variable set hash-table stats:
# Load=67/1024=7%, Rehash=0, Collisions=9/95=9%

# Pattern-specific Variable Values

# No pattern-specific variable values.

# Directories

# . (device 64514, inode 295383): 14 files, no impossibilities.

# 14 files, no impossibilities in 1 directories.

# Implicit Rules

# No implicit rules.

# Files

all: consolechat
#  Command line target.
#  Implicit rule search has been done.
#  File does not exist.
#  File has been updated.
#  Needs to be updated (-q is set).
# variable set hash-table stats:
# Load=0/32=0%, Rehash=0, Collisions=0/3=0%

# Not a target:
Chat.cpp:
#  Implicit rule search has not been done.
#  Modification time never checked.
#  File has not been updated.

# Not a target:
.SUFFIXES:
#  Implicit rule search has not been done.
#  Modification time never checked.
#  File has not been updated.

# Not a target:
Makefile:
#  Implicit rule search has been done.
#  Last modified 2023-09-07 12:54:34.174013499
#  File has been updated.
#  Successfully updated.

# Not a target:
User.cpp:
#  Implicit rule search has not been done.
#  Modification time never checked.
#  File has not been updated.

# Not a target:
Message.cpp:
#  Implicit rule search has not been done.
#  Modification time never checked.
#  File has not been updated.

# Not a target:
Connect.h:
#  Implicit rule search has not been done.
#  Modification time never checked.
#  File has not been updated.

# Not a target:
main.cpp:
#  Implicit rule search has been done.
#  Last modified 2023-09-07 12:52:01.318167264
#  File has been updated.
#  Successfully updated.

Chat.o: Chat.cpp
#  Implicit rule search has not been done.
#  Modification time never checked.
#  File has not been updated.
#  recipe to execute (from 'Makefile', line 8):
	g++ -c Chat.cpp

# Not a target:
.DEFAULT:
#  Implicit rule search has not been done.
#  Modification time never checked.
#  File has not been updated.

consolechat: main.o Chat.o Message.o User.o Connect.o
#  Implicit rule search has not been done.
#  Last modified 2023-09-07 16:14:55.636338934
#  File has been updated.
#  Needs to be updated (-q is set).
# variable set hash-table stats:
# Load=0/32=0%, Rehash=0, Collisions=0/3=0%
#  recipe to execute (from 'Makefile', line 4):
	g++ -pthread main.o Chat.o Message.o User.o Connect.o -o consolechat

clean:
#  Implicit rule search has not been done.
#  Modification time never checked.
#  File has not been updated.
#  recipe to execute (from 'Makefile', line 16):
	rm -rf *.o

User.o: User.cpp
#  Implicit rule search has not been done.
#  Modification time never checked.
#  File has not been updated.
#  recipe to execute (from 'Makefile', line 12):
	g++ -c User.cpp

Message.o: Message.cpp
#  Implicit rule search has not been done.
#  Modification time never checked.
#  File has not been updated.
#  recipe to execute (from 'Makefile', line 10):
	g++ -c Message.cpp

main.o: main.cpp
#  Implicit rule search has not been done.
#  Implicit/static pattern stem: ''
#  File does not exist.
#  File has been updated.
#  Needs to be updated (-q is set).
# automatic
# @ := main.o
# automatic
# % := 
# automatic
# * := 
# automatic
# + := main.cpp
# automatic
# | := 
# automatic
# < := main.cpp
# automatic
# ^ := main.cpp
# automatic
# ? := main.cpp
# variable set hash-table stats:
# Load=8/32=25%, Rehash=0, Collisions=1/11=9%
#  recipe to execute (from 'Makefile', line 6):
	g++ -c -pthread main.cpp

# Not a target:
Connect.o:
#  Implicit rule search has not been done.
#  Modification time never checked.
#  File has not been updated.

Connect.p: Connect.h
#  Implicit rule search has not been done.
#  Modification time never checked.
#  File has not been updated.
#  recipe to execute (from 'Makefile', line 14):
	g++ -c Connect.h

# files hash-table stats:
# Load=17/1024=2%, Rehash=0, Collisions=0/45=0%
# VPATH Search Paths

# No 'vpath' search paths.

# No general ('VPATH' variable) search path.

# strcache buffers: 1 (0) / strings = 26 / storage = 231 B / avg = 8 B
# current buf: size = 8162 B / used = 231 B / count = 26 / avg = 8 B

# strcache performance: lookups = 51 / hit rate = 49%
# hash-table stats:
# Load=26/8192=0%, Rehash=0, Collisions=1/51=2%
# Finished Make data base on Thu Sep  7 16:49:15 2023

 
